<?xml version="1.0" encoding="UTF-8"?>
<testsuite name="QRCodeApiTest" tests="1" skipped="0" failures="0" errors="0" timestamp="2024-01-07T13:18:29" hostname="MacBook-Pro-von-erik.local" time="1.429">
  <properties/>
  <testcase name="start" classname="QRCodeApiTest" time="1.429"/>
  <system-out><![CDATA[?[1;31m
Start test 1?[0m
?[0;34m
?[0m?[0;34m  .   ____          _            __ _ _
?[0m?[0;34m /\\ / ___'_ __ _ _(_)_ __  __ _ \ \ \ \
?[0m?[0;34m( ( )\___ | '_ | '_| | '_ \/ _` | \ \ \ \
?[0m?[0;34m \\/  ___)| |_)| | | | | || (_| |  ) ) ) )
?[0m?[0;34m  '  |____| .__|_| |_|_| |_\__, | / / / /
?[0m?[0;34m =========|_|==============|___/=/_/_/_/
?[0m?[0;34m :: Spring Boot ::                (v3.0.2)
?[0m?[0;34m
?[0m?[0;34m2024-01-07T14:18:29.906+01:00  INFO 51042 --- [    Test worker] qrcodeapi.Application                    : Starting Application using Java 17.0.8.1 with PID 51042 (started by erikbusch in /Users/erikbusch/IdeaProjects/QRCode Service/QRCode Service/task)
?[0m?[0;34m2024-01-07T14:18:29.908+01:00  INFO 51042 --- [    Test worker] qrcodeapi.Application                    : No active profile set, falling back to 1 default profile: "default"
?[0m?[0;34m2024-01-07T14:18:30.377+01:00  INFO 51042 --- [    Test worker] o.s.b.w.embedded.tomcat.TomcatWebServer  : Tomcat initialized with port(s): 8080 (http)
?[0m?[0;34m2024-01-07T14:18:30.382+01:00  INFO 51042 --- [    Test worker] o.apache.catalina.core.StandardService   : Starting service [Tomcat]
?[0m?[0;34m2024-01-07T14:18:30.382+01:00  INFO 51042 --- [    Test worker] o.apache.catalina.core.StandardEngine    : Starting Servlet engine: [Apache Tomcat/10.1.5]
?[0m?[0;34m2024-01-07T14:18:30.426+01:00  INFO 51042 --- [    Test worker] o.a.c.c.C.[Tomcat].[localhost].[/]       : Initializing Spring embedded WebApplicationContext
?[0m?[0;34m2024-01-07T14:18:30.428+01:00  INFO 51042 --- [    Test worker] w.s.c.ServletWebServerApplicationContext : Root WebApplicationContext: initialization completed in 498 ms
?[0m?[0;34m2024-01-07T14:18:30.690+01:00  INFO 51042 --- [    Test worker] o.s.b.a.e.web.EndpointLinksResolver      : Exposing 1 endpoint(s) beneath base path '/actuator'
?[0m?[0;34m2024-01-07T14:18:30.717+01:00  INFO 51042 --- [    Test worker] o.s.b.w.embedded.tomcat.TomcatWebServer  : Tomcat started on port(s): 8080 (http) with context path ''
?[0m?[0;34m2024-01-07T14:18:30.729+01:00  INFO 51042 --- [    Test worker] qrcodeapi.Application                    : Started Application in 0.964 seconds (process running for 1.324)
?[0;34m2024-01-07T14:18:30.870+01:00  INFO 51042 --- [nio-8080-exec-1] o.a.c.c.C.[Tomcat].[localhost].[/]       : Initializing Spring DispatcherServlet 'dispatcherServlet'
?[0m?[0;34m2024-01-07T14:18:30.871+01:00  INFO 51042 --- [nio-8080-exec-1] o.s.web.servlet.DispatcherServlet        : Initializing Servlet 'dispatcherServlet'
?[0m?[0;34m2024-01-07T14:18:30.871+01:00  INFO 51042 --- [nio-8080-exec-1] o.s.web.servlet.DispatcherServlet        : Completed initialization in 0 ms
?[0m?[1;31m
Start test 2?[0m
?[0;34mpng250mailto:name@company.comL
?[1;31m
Start test 3?[0m
?[0;34mpng200mailto:name@company.comL
?[1;31m
Start test 4?[0m
?[0;34mpng250mailto:name@company.comH
?[1;31m
Start test 5?[0m
?[0;34mgif250geo:-27.07,109.21L
?[1;31m
Start test 6?[0m
?[0;34mpng200tel:1234567890Q
?[1;31m
Start test 7?[0m
?[0;34mjpeg200smsto:1234567890:texting!L
?[1;31m
Start test 8?[0m
?[0;34mgif250Here is some textQ
?[1;31m
Start test 9?[0m
?[0;34mjpeg200https://hyperskill.orgH
?[1;31m
Start test 10?[0m
?[0;34mgif99text contentL
?[1;31m
Start test 11?[0m
?[0m?[0;34mpng351text contentL
?[1;31m
Start test 12?[0m
?[0m?[0;34mwebp451text contentL
?[1;31m
Start test 13?[0m
?[0m?[0;34mwebp200text contentL
?[1;31m
Start test 14?[0m
?[0m?[0;34mwebp200L
?[1;31m
Start test 15?[0m
?[0m?[0;34mwebp500   S
?[1;31m
Start test 16?[0m
?[0m?[0;34mwebp500text contentS
?[1;31m
Start test 17?[0m
?[0m?[0;34mwebp200text contentS
]]></system-out>
  <system-err><![CDATA[]]></system-err>
</testsuite>
